<?xml version="1.0" encoding="UTF-8"?>
<!-- Generated by org.testng.reporters.JUnitReportReporter -->
<testsuite hostname="TCLIN53" failures="0" tests="1" name="com.api.iq_concepts.RequestSpecificationBuilder" time="3.179" errors="0" timestamp="2023-07-07T14:33:11 IST" skipped="0">
  <testcase classname="com.api.iq_concepts.RequestSpecificationBuilder" name="getaAnEmployee" time="3.179"/>
  <system-out/>
</testsuite> <!-- com.api.iq_concepts.RequestSpecificationBuilder -->
