<?xml version="1.0" encoding="UTF-8"?>
<!-- Generated by org.testng.reporters.JUnitReportReporter -->
<testsuite hostname="TCLIN53" failures="0" tests="3" name="com.api.iq_concepts.RequestSpecificationExample" time="6.901" errors="0" timestamp="2023-07-07T14:15:52 IST" skipped="0">
  <testcase classname="com.api.iq_concepts.RequestSpecificationExample" name="getaAnEmployee" time="2.088"/>
  <system-out/>
  <testcase classname="com.api.iq_concepts.RequestSpecificationExample" name="getallemployees" time="2.070"/>
  <system-out/>
  <testcase classname="com.api.iq_concepts.RequestSpecificationExample" name="createEmployeeBDD" time="2.743"/>
  <system-out/>
</testsuite> <!-- com.api.iq_concepts.RequestSpecificationExample -->
