<?xml version="1.0" encoding="UTF-8"?>
<!-- Generated by org.testng.reporters.JUnitReportReporter -->
<testsuite hostname="TCLIN53" failures="0" tests="1" name="com.api.Auth_Types.ApiKeyAuth" time="2.167" errors="0" timestamp="2023-07-07T16:22:29 IST" skipped="0">
  <testcase classname="com.api.Auth_Types.ApiKeyAuth" name="apikeyusingParam" time="2.167"/>
  <system-out/>
</testsuite> <!-- com.api.Auth_Types.ApiKeyAuth -->
