<?xml version="1.0" encoding="UTF-8"?>
<!-- Generated by org.testng.reporters.JUnitReportReporter -->
<testsuite hostname="TCLIN53" failures="0" tests="1" name="com.api.Auth_Types.Bearer_Token" time="1.852" errors="0" timestamp="2023-07-07T16:42:45 IST" skipped="0">
  <testcase classname="com.api.Auth_Types.Bearer_Token" name="bearertoken" time="1.852"/>
  <system-out/>
</testsuite> <!-- com.api.Auth_Types.Bearer_Token -->
