<?xml version="1.0" encoding="UTF-8"?>
<!-- Generated by org.testng.reporters.JUnitReportReporter -->
<testsuite hostname="TCLIN53" failures="0" tests="1" name="com.api.Auth_Types.BasicAuth" time="2.730" errors="0" timestamp="2023-07-07T15:25:37 IST" skipped="0">
  <testcase classname="com.api.Auth_Types.BasicAuth" name="basicauth" time="2.730"/>
  <system-out/>
</testsuite> <!-- com.api.Auth_Types.BasicAuth -->
