<?xml version="1.0" encoding="UTF-8"?>
<!-- Generated by org.testng.reporters.JUnitReportReporter -->
<testsuite hostname="TCLIN53" failures="0" tests="1" name="com.api.restassured.GetRequestBDD" time="3.524" errors="0" timestamp="2023-07-06T16:08:21 IST" skipped="0">
  <testcase classname="com.api.restassured.GetRequestBDD" name="getrequestBDD" time="3.524"/>
  <system-out/>
</testsuite> <!-- com.api.restassured.GetRequestBDD -->
